<?xml version="1.0" encoding="UTF-8"?>
<testsuite name="com.freehyun.book.springboot.web.IndexControllerTest" tests="1" skipped="0" failures="0" errors="0" timestamp="2020-04-14T07:03:20" hostname="DESKTOP-0NAG40S" time="0.606">
  <properties/>
  <testcase name="메인페이지_로딩" classname="com.freehyun.book.springboot.web.IndexControllerTest" time="0.606"/>
  <system-out><![CDATA[2020-04-14 16:03:12.682  INFO 1960 --- [    Test worker] .b.t.c.SpringBootTestContextBootstrapper : Neither @ContextConfiguration nor @ContextHierarchy found for test class [com.freehyun.book.springboot.web.IndexControllerTest], using SpringBootContextLoader
2020-04-14 16:03:12.684  INFO 1960 --- [    Test worker] o.s.t.c.support.AbstractContextLoader    : Could not detect default resource locations for test class [com.freehyun.book.springboot.web.IndexControllerTest]: no resource found for suffixes {-context.xml, Context.groovy}.
2020-04-14 16:03:12.684  INFO 1960 --- [    Test worker] t.c.s.AnnotationConfigContextLoaderUtils : Could not detect default configuration classes for test class [com.freehyun.book.springboot.web.IndexControllerTest]: IndexControllerTest does not declare any static, non-private, non-final, nested classes annotated with @Configuration.
2020-04-14 16:03:12.686  INFO 1960 --- [    Test worker] .b.t.c.SpringBootTestContextBootstrapper : Found @SpringBootConfiguration com.freehyun.book.springboot.Application for test class com.freehyun.book.springboot.web.IndexControllerTest
2020-04-14 16:03:12.691  INFO 1960 --- [    Test worker] .b.t.c.SpringBootTestContextBootstrapper : Loaded default TestExecutionListener class names from location [META-INF/spring.factories]: [org.springframework.security.test.context.support.WithSecurityContextTestExecutionListener, org.springframework.security.test.context.support.ReactorContextTestExecutionListener, org.springframework.boot.test.autoconfigure.restdocs.RestDocsTestExecutionListener, org.springframework.boot.test.autoconfigure.web.client.MockRestServiceServerResetTestExecutionListener, org.springframework.boot.test.autoconfigure.web.servlet.MockMvcPrintOnlyOnFailureTestExecutionListener, org.springframework.boot.test.autoconfigure.web.servlet.WebDriverTestExecutionListener, org.springframework.boot.test.mock.mockito.MockitoTestExecutionListener, org.springframework.boot.test.mock.mockito.ResetMocksTestExecutionListener, org.springframework.test.context.web.ServletTestExecutionListener, org.springframework.test.context.support.DirtiesContextBeforeModesTestExecutionListener, org.springframework.test.context.support.DependencyInjectionTestExecutionListener, org.springframework.test.context.support.DirtiesContextTestExecutionListener, org.springframework.test.context.transaction.TransactionalTestExecutionListener, org.springframework.test.context.jdbc.SqlScriptsTestExecutionListener]
2020-04-14 16:03:12.697  INFO 1960 --- [    Test worker] .b.t.c.SpringBootTestContextBootstrapper : Using TestExecutionListeners: [org.springframework.test.context.web.ServletTestExecutionListener@3c7c763f, org.springframework.test.context.support.DirtiesContextBeforeModesTestExecutionListener@2866c97a, org.springframework.boot.test.mock.mockito.MockitoTestExecutionListener@751c5698, org.springframework.boot.test.autoconfigure.SpringBootDependencyInjectionTestExecutionListener@590a6d7, org.springframework.test.context.support.DirtiesContextTestExecutionListener@5a02f5d4, org.springframework.test.context.transaction.TransactionalTestExecutionListener@44b1daf7, org.springframework.test.context.jdbc.SqlScriptsTestExecutionListener@538eec6f, org.springframework.security.test.context.support.WithSecurityContextTestExecutionListener@53284ed7, org.springframework.security.test.context.support.ReactorContextTestExecutionListener@1e49ad33, org.springframework.boot.test.autoconfigure.restdocs.RestDocsTestExecutionListener@54e5aa6f, org.springframework.boot.test.autoconfigure.web.client.MockRestServiceServerResetTestExecutionListener@70acc908, org.springframework.boot.test.autoconfigure.web.servlet.MockMvcPrintOnlyOnFailureTestExecutionListener@61636f3c, org.springframework.boot.test.autoconfigure.web.servlet.WebDriverTestExecutionListener@32106616, org.springframework.boot.test.mock.mockito.ResetMocksTestExecutionListener@4b5f14e9]

  .   ____          _            __ _ _
 /\\ / ___'_ __ _ _(_)_ __  __ _ \ \ \ \
( ( )\___ | '_ | '_| | '_ \/ _` | \ \ \ \
 \\/  ___)| |_)| | | | | || (_| |  ) ) ) )
  '  |____| .__|_| |_|_| |_\__, | / / / /
 =========|_|==============|___/=/_/_/_/
 :: Spring Boot ::        (v2.1.7.RELEASE)

2020-04-14 16:03:12.801  INFO 1960 --- [    Test worker] c.f.b.s.web.IndexControllerTest          : Starting IndexControllerTest on DESKTOP-0NAG40S with PID 1960 (started by 84sh in C:\Users\84sh\IdeaProjects\freehyun-springboot-webservice)
2020-04-14 16:03:12.802  INFO 1960 --- [    Test worker] c.f.b.s.web.IndexControllerTest          : No active profile set, falling back to default profiles: default
2020-04-14 16:03:13.646  INFO 1960 --- [    Test worker] .s.d.r.c.RepositoryConfigurationDelegate : Bootstrapping Spring Data repositories in DEFAULT mode.
2020-04-14 16:03:13.774  INFO 1960 --- [    Test worker] .s.d.r.c.RepositoryConfigurationDelegate : Finished Spring Data repository scanning in 128ms. Found 2 repository interfaces.
2020-04-14 16:03:14.193  INFO 1960 --- [    Test worker] trationDelegate$BeanPostProcessorChecker : Bean 'org.springframework.transaction.annotation.ProxyTransactionManagementConfiguration' of type [org.springframework.transaction.annotation.ProxyTransactionManagementConfiguration$$EnhancerBySpringCGLIB$$d22cc6d6] is not eligible for getting processed by all BeanPostProcessors (for example: not eligible for auto-proxying)
2020-04-14 16:03:14.857  INFO 1960 --- [    Test worker] o.s.b.w.embedded.tomcat.TomcatWebServer  : Tomcat initialized with port(s): 0 (http)
2020-04-14 16:03:14.927  INFO 1960 --- [    Test worker] o.apache.catalina.core.StandardService   : Starting service [Tomcat]
2020-04-14 16:03:14.928  INFO 1960 --- [    Test worker] org.apache.catalina.core.StandardEngine  : Starting Servlet engine: [Apache Tomcat/9.0.22]
2020-04-14 16:03:15.330  INFO 1960 --- [    Test worker] o.a.c.c.C.[Tomcat].[localhost].[/]       : Initializing Spring embedded WebApplicationContext
2020-04-14 16:03:15.331  INFO 1960 --- [    Test worker] o.s.web.context.ContextLoader            : Root WebApplicationContext: initialization completed in 2518 ms
2020-04-14 16:03:15.830  INFO 1960 --- [    Test worker] com.zaxxer.hikari.HikariDataSource       : HikariPool-2 - Starting...
2020-04-14 16:03:15.833  INFO 1960 --- [    Test worker] com.zaxxer.hikari.HikariDataSource       : HikariPool-2 - Start completed.
2020-04-14 16:03:15.936  INFO 1960 --- [    Test worker] o.hibernate.jpa.internal.util.LogHelper  : HHH000204: Processing PersistenceUnitInfo [
	name: default
	...]
2020-04-14 16:03:15.968  INFO 1960 --- [    Test worker] org.hibernate.dialect.Dialect            : HHH000400: Using dialect: org.hibernate.dialect.MySQL5InnoDBDialect
Hibernate: drop table if exists posts
Hibernate: drop table if exists user
Hibernate: create table posts (id bigint not null auto_increment, create_date datetime, modified_date datetime, author varchar(255), content TEXT not null, title varchar(500) not null, primary key (id)) engine=InnoDB
Hibernate: create table user (id bigint not null auto_increment, create_date datetime, modified_date datetime, email varchar(255) not null, name varchar(255) not null, picture varchar(255), role varchar(255) not null, primary key (id)) engine=InnoDB
2020-04-14 16:03:16.101  INFO 1960 --- [    Test worker] o.h.t.schema.internal.SchemaCreatorImpl  : HHH000476: Executing import script 'org.hibernate.tool.schema.internal.exec.ScriptSourceInputNonExistentImpl@28094450'
2020-04-14 16:03:16.102  INFO 1960 --- [    Test worker] j.LocalContainerEntityManagerFactoryBean : Initialized JPA EntityManagerFactory for persistence unit 'default'
2020-04-14 16:03:16.976  INFO 1960 --- [    Test worker] o.h.h.i.QueryTranslatorFactoryInitiator  : HHH000397: Using ASTQueryTranslatorFactory
2020-04-14 16:03:17.653  INFO 1960 --- [    Test worker] o.s.s.web.DefaultSecurityFilterChain     : Creating filter chain: any request, [org.springframework.security.web.context.request.async.WebAsyncManagerIntegrationFilter@6636bf88, org.springframework.security.web.context.SecurityContextPersistenceFilter@20d244da, org.springframework.security.web.header.HeaderWriterFilter@99a0e80, org.springframework.security.web.authentication.logout.LogoutFilter@3b40c409, org.springframework.security.oauth2.client.web.OAuth2AuthorizationRequestRedirectFilter@165f49b1, org.springframework.security.oauth2.client.web.OAuth2LoginAuthenticationFilter@c2b5d1e, org.springframework.security.web.authentication.ui.DefaultLoginPageGeneratingFilter@986b577, org.springframework.security.web.authentication.ui.DefaultLogoutPageGeneratingFilter@4ded68e9, org.springframework.security.web.savedrequest.RequestCacheAwareFilter@503c6385, org.springframework.security.web.servletapi.SecurityContextHolderAwareRequestFilter@90b990c, org.springframework.security.web.authentication.AnonymousAuthenticationFilter@2193b224, org.springframework.security.web.session.SessionManagementFilter@778ef07a, org.springframework.security.web.access.ExceptionTranslationFilter@7ff1ede8, org.springframework.security.web.access.intercept.FilterSecurityInterceptor@69a85b1c]
2020-04-14 16:03:18.447  INFO 1960 --- [    Test worker] o.s.s.concurrent.ThreadPoolTaskExecutor  : Initializing ExecutorService 'applicationTaskExecutor'
2020-04-14 16:03:18.503  WARN 1960 --- [    Test worker] aWebConfiguration$JpaWebMvcConfiguration : spring.jpa.open-in-view is enabled by default. Therefore, database queries may be performed during view rendering. Explicitly configure spring.jpa.open-in-view to disable this warning
2020-04-14 16:03:18.628  INFO 1960 --- [    Test worker] o.s.b.a.w.s.WelcomePageHandlerMapping    : Adding welcome page template: index
2020-04-14 16:03:20.081  INFO 1960 --- [    Test worker] s.a.ScheduledAnnotationBeanPostProcessor : No TaskScheduler/ScheduledExecutorService bean found for scheduled processing
2020-04-14 16:03:20.143  INFO 1960 --- [    Test worker] o.s.b.w.embedded.tomcat.TomcatWebServer  : Tomcat started on port(s): 51976 (http) with context path ''
2020-04-14 16:03:20.145  INFO 1960 --- [    Test worker] c.f.b.s.web.IndexControllerTest          : Started IndexControllerTest in 7.443 seconds (JVM running for 26.817)
2020-04-14 16:03:20.453  INFO 1960 --- [o-auto-1-exec-1] o.a.c.c.C.[Tomcat].[localhost].[/]       : Initializing Spring DispatcherServlet 'dispatcherServlet'
2020-04-14 16:03:20.453  INFO 1960 --- [o-auto-1-exec-1] o.s.web.servlet.DispatcherServlet        : Initializing Servlet 'dispatcherServlet'
2020-04-14 16:03:20.512  INFO 1960 --- [o-auto-1-exec-1] o.s.web.servlet.DispatcherServlet        : Completed initialization in 59 ms
Hibernate: select posts0_.id as id1_0_, posts0_.create_date as create_d2_0_, posts0_.modified_date as modified3_0_, posts0_.author as author4_0_, posts0_.content as content5_0_, posts0_.title as title6_0_ from posts posts0_ order by posts0_.id DESC
]]></system-out>
  <system-err><![CDATA[]]></system-err>
</testsuite>
